TN:
SF:src\services\AuthService.js
FN:11,(anonymous_0)
FN:65,(anonymous_1)
FN:82,(anonymous_2)
FN:94,(anonymous_3)
FNF:4
FNH:4
FNDA:5,(anonymous_0)
FNDA:3,(anonymous_1)
FNDA:4,(anonymous_2)
FNDA:2,(anonymous_3)
DA:1,11
DA:2,11
DA:3,11
DA:4,11
DA:5,11
DA:6,11
DA:7,11
DA:8,11
DA:13,5
DA:14,5
DA:15,1
DA:19,4
DA:20,1
DA:24,3
DA:27,3
DA:29,3
DA:30,3
DA:37,2
DA:43,2
DA:44,1
DA:48,1
DA:53,2
DA:56,2
DA:57,2
DA:58,2
DA:60,1
DA:61,1
DA:66,3
DA:67,3
DA:68,1
DA:71,2
DA:72,2
DA:73,1
DA:77,1
DA:78,1
DA:79,1
DA:83,4
DA:95,2
DA:96,2
DA:98,1
DA:103,11
LF:41
LH:41
BRDA:14,0,0,1
BRDA:14,0,1,4
BRDA:19,1,0,1
BRDA:19,1,1,3
BRDA:43,2,0,1
BRDA:43,2,1,1
BRDA:67,3,0,1
BRDA:67,3,1,2
BRDA:72,4,0,1
BRDA:72,4,1,1
BRF:10
BRH:10
end_of_record
TN:
SF:src\services\CourseService.js
FN:5,(anonymous_0)
FN:9,(anonymous_1)
FN:19,(anonymous_2)
FN:28,(anonymous_3)
FN:40,(anonymous_4)
FN:70,(anonymous_5)
FN:85,(anonymous_6)
FNF:7
FNH:7
FNDA:2,(anonymous_0)
FNDA:3,(anonymous_1)
FNDA:3,(anonymous_2)
FNDA:2,(anonymous_3)
FNDA:3,(anonymous_4)
FNDA:3,(anonymous_5)
FNDA:2,(anonymous_6)
DA:1,15
DA:2,15
DA:6,2
DA:10,3
DA:11,3
DA:12,1
DA:15,2
DA:18,2
DA:19,3
DA:20,1
DA:22,1
DA:25,2
DA:29,2
DA:30,2
DA:31,1
DA:34,1
DA:41,3
DA:42,3
DA:43,1
DA:46,2
DA:47,2
DA:48,1
DA:51,1
DA:60,1
DA:61,1
DA:62,6
DA:63,2
DA:67,1
DA:71,3
DA:72,3
DA:73,1
DA:76,2
DA:77,2
DA:78,1
DA:81,1
DA:82,1
DA:86,2
DA:87,2
DA:88,1
DA:91,1
DA:95,15
LF:41
LH:41
BRDA:5,0,0,1
BRDA:11,1,0,1
BRDA:11,1,1,2
BRDA:18,2,0,1
BRDA:18,2,1,1
BRDA:18,3,0,2
BRDA:18,3,1,2
BRDA:30,4,0,1
BRDA:30,4,1,1
BRDA:42,5,0,1
BRDA:42,5,1,2
BRDA:47,6,0,1
BRDA:47,6,1,1
BRDA:47,7,0,2
BRDA:47,7,1,2
BRDA:62,8,0,2
BRDA:62,8,1,4
BRDA:72,9,0,1
BRDA:72,9,1,2
BRDA:77,10,0,1
BRDA:77,10,1,1
BRDA:77,11,0,2
BRDA:77,11,1,2
BRDA:87,12,0,1
BRDA:87,12,1,1
BRF:25
BRH:25
end_of_record
TN:
SF:src\services\payment\PaymentService.js
FN:11,(anonymous_0)
FN:16,(anonymous_1)
FN:20,(anonymous_2)
FN:87,(anonymous_3)
FN:145,(anonymous_4)
FNF:5
FNH:5
FNDA:12,(anonymous_0)
FNDA:1,(anonymous_1)
FNDA:5,(anonymous_2)
FNDA:4,(anonymous_3)
FNDA:2,(anonymous_4)
DA:1,12
DA:2,12
DA:3,12
DA:4,12
DA:5,12
DA:6,12
DA:7,12
DA:8,12
DA:13,12
DA:17,1
DA:21,5
DA:23,5
DA:25,5
DA:26,5
DA:27,1
DA:31,4
DA:32,4
DA:33,1
DA:37,3
DA:41,3
DA:42,1
DA:46,2
DA:47,2
DA:50,2
DA:56,2
DA:57,1
DA:61,1
DA:73,1
DA:76,1
DA:78,1
DA:80,1
DA:82,4
DA:83,4
DA:88,4
DA:90,4
DA:92,4
DA:93,4
DA:94,1
DA:98,3
DA:99,3
DA:100,1
DA:104,2
DA:109,2
DA:110,1
DA:114,1
DA:120,1
DA:121,0
DA:125,1
DA:136,1
DA:138,1
DA:140,3
DA:141,3
DA:146,2
DA:147,2
DA:148,1
DA:151,1
DA:155,12
LF:57
LH:56
BRDA:26,0,0,1
BRDA:26,0,1,4
BRDA:32,1,0,1
BRDA:32,1,1,3
BRDA:32,2,0,4
BRDA:32,2,1,4
BRDA:41,3,0,1
BRDA:41,3,1,2
BRDA:47,4,0,2
BRDA:47,4,1,0
BRDA:56,5,0,1
BRDA:56,5,1,1
BRDA:93,6,0,1
BRDA:93,6,1,3
BRDA:99,7,0,1
BRDA:99,7,1,2
BRDA:109,8,0,1
BRDA:109,8,1,1
BRDA:120,9,0,0
BRDA:120,9,1,1
BRDA:147,10,0,1
BRDA:147,10,1,1
BRF:22
BRH:20
end_of_record
